  [1m[35m (351.3ms)[0m  [1m[35mCREATE DATABASE "todos_app_development" ENCODING = 'unicode'[0m
  [1m[35m (118.1ms)[0m  [1m[35mCREATE DATABASE "todos_app_test" ENCODING = 'unicode'[0m
  [1m[35m (33.1ms)[0m  [1m[35mCREATE TABLE "schema_migrations" ("version" character varying NOT NULL PRIMARY KEY)[0m
  [1m[35m (9.6ms)[0m  [1m[35mCREATE TABLE "ar_internal_metadata" ("key" character varying NOT NULL PRIMARY KEY, "value" character varying, "created_at" timestamp(6) NOT NULL, "updated_at" timestamp(6) NOT NULL)[0m
  [1m[35m (0.3ms)[0m  [1m[34mSELECT pg_try_advisory_lock(4565750621075901915)[0m
  [1m[35m (0.5ms)[0m  [1m[34mSELECT "schema_migrations"."version" FROM "schema_migrations" ORDER BY "schema_migrations"."version" ASC[0m
Migrating to CreateTodos (20220203183152)
  [1m[36mTRANSACTION (0.1ms)[0m  [1m[35mBEGIN[0m
  [1m[35m (24.5ms)[0m  [1m[35mCREATE TABLE "todos" ("id" bigserial primary key, "name" character varying, "created_at" timestamp(6) NOT NULL, "updated_at" timestamp(6) NOT NULL)[0m
  [1m[36mActiveRecord::SchemaMigration Create (0.4ms)[0m  [1m[32mINSERT INTO "schema_migrations" ("version") VALUES ($1) RETURNING "version"[0m  [["version", "20220203183152"]]
  [1m[36mTRANSACTION (0.3ms)[0m  [1m[35mCOMMIT[0m
  [1m[36mActiveRecord::InternalMetadata Load (0.9ms)[0m  [1m[34mSELECT "ar_internal_metadata".* FROM "ar_internal_metadata" WHERE "ar_internal_metadata"."key" = $1 LIMIT $2[0m  [["key", "environment"], ["LIMIT", 1]]
  [1m[36mTRANSACTION (0.2ms)[0m  [1m[35mBEGIN[0m
  [1m[36mActiveRecord::InternalMetadata Create (0.5ms)[0m  [1m[32mINSERT INTO "ar_internal_metadata" ("key", "value", "created_at", "updated_at") VALUES ($1, $2, $3, $4) RETURNING "key"[0m  [["key", "environment"], ["value", "development"], ["created_at", "2022-02-03 18:32:26.835999"], ["updated_at", "2022-02-03 18:32:26.835999"]]
  [1m[36mTRANSACTION (0.3ms)[0m  [1m[35mCOMMIT[0m
  [1m[35m (0.2ms)[0m  [1m[34mSELECT pg_advisory_unlock(4565750621075901915)[0m
  [1m[35m (0.5ms)[0m  [1m[34mSELECT "schema_migrations"."version" FROM "schema_migrations" ORDER BY "schema_migrations"."version" ASC[0m
  [1m[35m (0.2ms)[0m  [1m[34mSELECT pg_try_advisory_lock(4565750621075901915)[0m
  [1m[35m (0.5ms)[0m  [1m[34mSELECT "schema_migrations"."version" FROM "schema_migrations" ORDER BY "schema_migrations"."version" ASC[0m
Migrating to CreateTasks (20220203183313)
  [1m[36mTRANSACTION (0.1ms)[0m  [1m[35mBEGIN[0m
  [1m[35m (25.6ms)[0m  [1m[35mCREATE TABLE "tasks" ("id" bigserial primary key, "title" character varying, "done" boolean, "todo_id" bigint NOT NULL, "created_at" timestamp(6) NOT NULL, "updated_at" timestamp(6) NOT NULL, CONSTRAINT "fk_rails_bd5482c43a"
FOREIGN KEY ("todo_id")
  REFERENCES "todos" ("id")
)[0m
  [1m[35m (1.5ms)[0m  [1m[35mCREATE INDEX "index_tasks_on_todo_id" ON "tasks" ("todo_id")[0m
  [1m[36mActiveRecord::SchemaMigration Create (0.3ms)[0m  [1m[32mINSERT INTO "schema_migrations" ("version") VALUES ($1) RETURNING "version"[0m  [["version", "20220203183313"]]
  [1m[36mTRANSACTION (0.5ms)[0m  [1m[35mCOMMIT[0m
  [1m[36mActiveRecord::InternalMetadata Load (0.3ms)[0m  [1m[34mSELECT "ar_internal_metadata".* FROM "ar_internal_metadata" WHERE "ar_internal_metadata"."key" = $1 LIMIT $2[0m  [["key", "environment"], ["LIMIT", 1]]
  [1m[35m (0.3ms)[0m  [1m[34mSELECT pg_advisory_unlock(4565750621075901915)[0m
  [1m[35m (0.5ms)[0m  [1m[34mSELECT "schema_migrations"."version" FROM "schema_migrations" ORDER BY "schema_migrations"."version" ASC[0m
  [1m[35m (17.1ms)[0m  [1m[34mSELECT "schema_migrations"."version" FROM "schema_migrations" ORDER BY "schema_migrations"."version" ASC[0m
  [1m[35m (0.3ms)[0m  [1m[34mSELECT "schema_migrations"."version" FROM "schema_migrations" ORDER BY "schema_migrations"."version" ASC[0m
  [1m[35m (0.2ms)[0m  [1m[34mSELECT "schema_migrations"."version" FROM "schema_migrations" ORDER BY "schema_migrations"."version" ASC[0m
  [1m[35m (0.3ms)[0m  [1m[34mSELECT pg_try_advisory_lock(4565750621075901915)[0m
  [1m[35m (0.2ms)[0m  [1m[34mSELECT "schema_migrations"."version" FROM "schema_migrations" ORDER BY "schema_migrations"."version" ASC[0m
Migrating to CreateTasks (20220203183313)
  [1m[36mTRANSACTION (0.2ms)[0m  [1m[35mBEGIN[0m
  [1m[35m (25.5ms)[0m  [1m[35mDROP TABLE "tasks"[0m
  [1m[36mActiveRecord::SchemaMigration Destroy (0.3ms)[0m  [1m[31mDELETE FROM "schema_migrations" WHERE "schema_migrations"."version" = $1[0m  [["version", "20220203183313"]]
  [1m[36mTRANSACTION (6.1ms)[0m  [1m[35mCOMMIT[0m
  [1m[35m (0.3ms)[0m  [1m[34mSELECT pg_advisory_unlock(4565750621075901915)[0m
  [1m[35m (0.7ms)[0m  [1m[34mSELECT "schema_migrations"."version" FROM "schema_migrations" ORDER BY "schema_migrations"."version" ASC[0m
  [1m[35m (0.2ms)[0m  [1m[34mSELECT pg_try_advisory_lock(4565750621075901915)[0m
  [1m[35m (0.5ms)[0m  [1m[34mSELECT "schema_migrations"."version" FROM "schema_migrations" ORDER BY "schema_migrations"."version" ASC[0m
Migrating to CreateTasks (20220203183313)
  [1m[36mTRANSACTION (0.1ms)[0m  [1m[35mBEGIN[0m
  [1m[35m (8.9ms)[0m  [1m[35mCREATE TABLE "tasks" ("id" bigserial primary key, "title" character varying, "done" boolean DEFAULT FALSE, "todo_id" bigint NOT NULL, "created_at" timestamp(6) NOT NULL, "updated_at" timestamp(6) NOT NULL, CONSTRAINT "fk_rails_bd5482c43a"
FOREIGN KEY ("todo_id")
  REFERENCES "todos" ("id")
)[0m
  [1m[35m (0.8ms)[0m  [1m[35mCREATE INDEX "index_tasks_on_todo_id" ON "tasks" ("todo_id")[0m
  [1m[36mActiveRecord::SchemaMigration Create (15.2ms)[0m  [1m[32mINSERT INTO "schema_migrations" ("version") VALUES ($1) RETURNING "version"[0m  [["version", "20220203183313"]]
  [1m[36mTRANSACTION (0.5ms)[0m  [1m[35mCOMMIT[0m
  [1m[36mActiveRecord::InternalMetadata Load (0.4ms)[0m  [1m[34mSELECT "ar_internal_metadata".* FROM "ar_internal_metadata" WHERE "ar_internal_metadata"."key" = $1 LIMIT $2[0m  [["key", "environment"], ["LIMIT", 1]]
  [1m[35m (0.3ms)[0m  [1m[34mSELECT pg_advisory_unlock(4565750621075901915)[0m
  [1m[35m (0.7ms)[0m  [1m[34mSELECT "schema_migrations"."version" FROM "schema_migrations" ORDER BY "schema_migrations"."version" ASC[0m
Started GET "/" for ::1 at 2022-02-03 15:37:11 -0300
  [1m[35m (1.6ms)[0m  [1m[34mSELECT "schema_migrations"."version" FROM "schema_migrations" ORDER BY "schema_migrations"."version" ASC[0m
Processing by Rails::WelcomeController#index as HTML
  Rendering /Users/thierry/.rbenv/versions/2.6.3/lib/ruby/gems/2.6.0/gems/railties-6.1.4.4/lib/rails/templates/rails/welcome/index.html.erb
  Rendered /Users/thierry/.rbenv/versions/2.6.3/lib/ruby/gems/2.6.0/gems/railties-6.1.4.4/lib/rails/templates/rails/welcome/index.html.erb (Duration: 8.4ms | Allocations: 528)
Completed 200 OK in 33ms (Views: 14.2ms | ActiveRecord: 0.0ms | Allocations: 4384)


Started GET "/" for ::1 at 2022-02-03 15:37:12 -0300
Processing by Rails::WelcomeController#index as HTML
  Rendering /Users/thierry/.rbenv/versions/2.6.3/lib/ruby/gems/2.6.0/gems/railties-6.1.4.4/lib/rails/templates/rails/welcome/index.html.erb
  Rendered /Users/thierry/.rbenv/versions/2.6.3/lib/ruby/gems/2.6.0/gems/railties-6.1.4.4/lib/rails/templates/rails/welcome/index.html.erb (Duration: 7.4ms | Allocations: 549)
Completed 200 OK in 10ms (Views: 8.7ms | ActiveRecord: 0.0ms | Allocations: 1280)


Started GET "/" for ::1 at 2022-02-03 15:38:24 -0300
Processing by TodosController#index as HTML
  Rendering layout layouts/application.html.erb
  Rendering todos/index.html.erb within layouts/application
  [1m[36mTodo Load (22.8ms)[0m  [1m[34mSELECT "todos".* FROM "todos"[0m
  ↳ app/views/todos/index.html.erb:14
  Rendered todos/index.html.erb within layouts/application (Duration: 27.0ms | Allocations: 1233)
[Webpacker] Compiling...
[Webpacker] Compiled all packs in /Users/thierry/code/thierryfro/todosapp/public/packs
[Webpacker] Hash: 4949f615883aa45838a7
Version: webpack 4.46.0
Time: 1557ms
Built at: 02/03/2022 3:38:30 PM
                                     Asset       Size       Chunks                         Chunk Names
    js/application-19ade39cc333985062bf.js    125 KiB  application  [emitted] [immutable]  application
js/application-19ade39cc333985062bf.js.map    139 KiB  application  [emitted] [dev]        application
                             manifest.json  364 bytes               [emitted]              
Entrypoint application = js/application-19ade39cc333985062bf.js js/application-19ade39cc333985062bf.js.map
[./app/javascript/channels sync recursive _channel\.js$] ./app/javascript/channels sync _channel\.js$ 160 bytes {application} [built]
[./app/javascript/channels/index.js] 211 bytes {application} [built]
[./app/javascript/packs/application.js] 492 bytes {application} [built]
[./node_modules/webpack/buildin/module.js] (webpack)/buildin/module.js 552 bytes {application} [built]
    + 3 hidden modules

  Rendered layout layouts/application.html.erb (Duration: 5719.6ms | Allocations: 86660)
Completed 200 OK in 5731ms (Views: 5700.1ms | ActiveRecord: 22.8ms | Allocations: 89733)


Started GET "/todos/new" for ::1 at 2022-02-03 15:38:42 -0300
Processing by TodosController#new as HTML
  Rendering layout layouts/application.html.erb
  Rendering todos/new.html.erb within layouts/application
  Rendered todos/_form.html.erb (Duration: 84.8ms | Allocations: 20725)
  Rendered todos/new.html.erb within layouts/application (Duration: 86.6ms | Allocations: 21093)
[Webpacker] Everything's up-to-date. Nothing to do
  Rendered layout layouts/application.html.erb (Duration: 95.4ms | Allocations: 27889)
Completed 200 OK in 120ms (Views: 95.9ms | ActiveRecord: 6.5ms | Allocations: 32131)


Started POST "/todos" for ::1 at 2022-02-03 15:38:49 -0300
Processing by TodosController#create as HTML
  Parameters: {"authenticity_token"=>"[FILTERED]", "todo"=>{"name"=>"Estudar"}, "commit"=>"Create Todo"}
  [1m[36mTRANSACTION (0.8ms)[0m  [1m[35mBEGIN[0m
  ↳ app/controllers/todos_controller.rb:26:in `create'
  [1m[36mTodo Create (1.4ms)[0m  [1m[32mINSERT INTO "todos" ("name", "created_at", "updated_at") VALUES ($1, $2, $3) RETURNING "id"[0m  [["name", "Estudar"], ["created_at", "2022-02-03 18:38:49.094935"], ["updated_at", "2022-02-03 18:38:49.094935"]]
  ↳ app/controllers/todos_controller.rb:26:in `create'
  [1m[36mTRANSACTION (0.7ms)[0m  [1m[35mCOMMIT[0m
  ↳ app/controllers/todos_controller.rb:26:in `create'
Redirected to http://localhost:3000/todos/1
Completed 302 Found in 14ms (ActiveRecord: 3.0ms | Allocations: 2890)


Started GET "/todos/1" for ::1 at 2022-02-03 15:38:49 -0300
Processing by TodosController#show as HTML
  Parameters: {"id"=>"1"}
  [1m[36mTodo Load (0.7ms)[0m  [1m[34mSELECT "todos".* FROM "todos" WHERE "todos"."id" = $1 LIMIT $2[0m  [["id", 1], ["LIMIT", 1]]
  ↳ app/controllers/todos_controller.rb:51:in `set_todo'
  Rendering layout layouts/application.html.erb
  Rendering todos/show.html.erb within layouts/application
  Rendered todos/show.html.erb within layouts/application (Duration: 1.0ms | Allocations: 263)
[Webpacker] Everything's up-to-date. Nothing to do
  Rendered layout layouts/application.html.erb (Duration: 31.0ms | Allocations: 7161)
Completed 200 OK in 38ms (Views: 31.6ms | ActiveRecord: 1.5ms | Allocations: 8964)


Started GET "/todos" for ::1 at 2022-02-03 15:38:57 -0300
Processing by TodosController#index as HTML
  Rendering layout layouts/application.html.erb
  Rendering todos/index.html.erb within layouts/application
  [1m[36mTodo Load (0.9ms)[0m  [1m[34mSELECT "todos".* FROM "todos"[0m
  ↳ app/views/todos/index.html.erb:14
  Rendered todos/index.html.erb within layouts/application (Duration: 3.0ms | Allocations: 1008)
[Webpacker] Everything's up-to-date. Nothing to do
  Rendered layout layouts/application.html.erb (Duration: 16.0ms | Allocations: 8608)
Completed 200 OK in 17ms (Views: 15.5ms | ActiveRecord: 0.9ms | Allocations: 9011)


Started GET "/todos/new" for ::1 at 2022-02-03 15:39:11 -0300
Processing by TodosController#new as HTML
  Rendering layout layouts/application.html.erb
  Rendering todos/new.html.erb within layouts/application
  Rendered todos/_form.html.erb (Duration: 4.1ms | Allocations: 3156)
  Rendered todos/new.html.erb within layouts/application (Duration: 4.3ms | Allocations: 3266)
[Webpacker] Everything's up-to-date. Nothing to do
  Rendered layout layouts/application.html.erb (Duration: 17.2ms | Allocations: 10762)
Completed 200 OK in 18ms (Views: 17.6ms | ActiveRecord: 0.0ms | Allocations: 11158)


Started GET "/todos" for ::1 at 2022-02-03 15:39:12 -0300
Processing by TodosController#index as HTML
  Rendering layout layouts/application.html.erb
  Rendering todos/index.html.erb within layouts/application
  [1m[36mTodo Load (1.3ms)[0m  [1m[34mSELECT "todos".* FROM "todos"[0m
  ↳ app/views/todos/index.html.erb:14
  Rendered todos/index.html.erb within layouts/application (Duration: 5.1ms | Allocations: 994)
[Webpacker] Everything's up-to-date. Nothing to do
  Rendered layout layouts/application.html.erb (Duration: 16.4ms | Allocations: 7886)
Completed 200 OK in 17ms (Views: 15.6ms | ActiveRecord: 1.3ms | Allocations: 8279)


Started GET "/todos/1/edit" for ::1 at 2022-02-03 15:39:14 -0300
Processing by TodosController#edit as HTML
  Parameters: {"id"=>"1"}
  [1m[36mTodo Load (0.7ms)[0m  [1m[34mSELECT "todos".* FROM "todos" WHERE "todos"."id" = $1 LIMIT $2[0m  [["id", 1], ["LIMIT", 1]]
  ↳ app/controllers/todos_controller.rb:51:in `set_todo'
  Rendering layout layouts/application.html.erb
  Rendering todos/edit.html.erb within layouts/application
  Rendered todos/_form.html.erb (Duration: 4.0ms | Allocations: 3205)
  Rendered todos/edit.html.erb within layouts/application (Duration: 5.1ms | Allocations: 3483)
[Webpacker] Everything's up-to-date. Nothing to do
  Rendered layout layouts/application.html.erb (Duration: 17.7ms | Allocations: 10987)
Completed 200 OK in 22ms (Views: 18.1ms | ActiveRecord: 0.7ms | Allocations: 12198)


Started GET "/todos" for ::1 at 2022-02-03 15:39:15 -0300
Processing by TodosController#index as HTML
  Rendering layout layouts/application.html.erb
  Rendering todos/index.html.erb within layouts/application
  [1m[36mTodo Load (0.9ms)[0m  [1m[34mSELECT "todos".* FROM "todos"[0m
  ↳ app/views/todos/index.html.erb:14
  Rendered todos/index.html.erb within layouts/application (Duration: 3.7ms | Allocations: 997)
[Webpacker] Everything's up-to-date. Nothing to do
  Rendered layout layouts/application.html.erb (Duration: 14.4ms | Allocations: 7889)
Completed 200 OK in 16ms (Views: 14.0ms | ActiveRecord: 0.9ms | Allocations: 8283)


